<?xml version="1.0" encoding="UTF-8"?>
<coverage generated="1694360989978" clover="3.2.0">
  <project timestamp="1694360989979" name="All files">
    <metrics statements="59" coveredstatements="1" conditionals="8" coveredconditionals="0" methods="21" coveredmethods="0" elements="88" coveredelements="1" complexity="0" loc="59" ncloc="59" packages="3" files="12" classes="12"/>
    <package name="src">
      <metrics statements="53" coveredstatements="1" conditionals="8" coveredconditionals="0" methods="20" coveredmethods="0"/>
      <file name="async.js" path="D:\nodejs-pzn\src\async.js">
        <metrics statements="9" coveredstatements="0" conditionals="2" coveredconditionals="0" methods="4" coveredmethods="0"/>
        <line num="1" count="0" type="stmt"/>
        <line num="2" count="0" type="stmt"/>
        <line num="3" count="0" type="stmt"/>
        <line num="4" count="0" type="cond" truecount="0" falsecount="2"/>
        <line num="5" count="0" type="stmt"/>
        <line num="7" count="0" type="stmt"/>
        <line num="13" count="0" type="stmt"/>
        <line num="14" count="0" type="stmt"/>
        <line num="15" count="0" type="stmt"/>
      </file>
      <file name="database.js" path="D:\nodejs-pzn\src\database.js">
        <metrics statements="4" coveredstatements="0" conditionals="0" coveredconditionals="0" methods="2" coveredmethods="0"/>
        <line num="1" count="0" type="stmt"/>
        <line num="3" count="0" type="stmt"/>
        <line num="6" count="0" type="stmt"/>
        <line num="8" count="0" type="stmt"/>
      </file>
      <file name="exception.js" path="D:\nodejs-pzn\src\exception.js">
        <metrics statements="4" coveredstatements="0" conditionals="2" coveredconditionals="0" methods="1" coveredmethods="0"/>
        <line num="5" count="0" type="stmt"/>
        <line num="6" count="0" type="cond" truecount="0" falsecount="2"/>
        <line num="7" count="0" type="stmt"/>
        <line num="9" count="0" type="stmt"/>
      </file>
      <file name="loggingException.js" path="D:\nodejs-pzn\src\loggingException.js">
        <metrics statements="2" coveredstatements="0" conditionals="0" coveredconditionals="0" methods="0" coveredmethods="0"/>
        <line num="4" count="0" type="stmt"/>
        <line num="19" count="0" type="stmt"/>
      </file>
      <file name="loggingPromiseRejections.js" path="D:\nodejs-pzn\src\loggingPromiseRejections.js">
        <metrics statements="3" coveredstatements="0" conditionals="0" coveredconditionals="0" methods="1" coveredmethods="0"/>
        <line num="4" count="0" type="stmt"/>
        <line num="7" count="0" type="stmt"/>
        <line num="22" count="0" type="stmt"/>
      </file>
      <file name="prisma-client.js" path="D:\nodejs-pzn\src\prisma-client.js">
        <metrics statements="1" coveredstatements="1" conditionals="0" coveredconditionals="0" methods="0" coveredmethods="0"/>
        <line num="3" count="1" type="stmt"/>
      </file>
      <file name="sayHello.js" path="D:\nodejs-pzn\src\sayHello.js">
        <metrics statements="4" coveredstatements="0" conditionals="2" coveredconditionals="0" methods="1" coveredmethods="0"/>
        <line num="1" count="0" type="stmt"/>
        <line num="2" count="0" type="cond" truecount="0" falsecount="2"/>
        <line num="3" count="0" type="stmt"/>
        <line num="5" count="0" type="stmt"/>
      </file>
      <file name="sum.js" path="D:\nodejs-pzn\src\sum.js">
        <metrics statements="17" coveredstatements="0" conditionals="0" coveredconditionals="0" methods="4" coveredmethods="0"/>
        <line num="1" count="0" type="stmt"/>
        <line num="2" count="0" type="stmt"/>
        <line num="5" count="0" type="stmt"/>
        <line num="6" count="0" type="stmt"/>
        <line num="7" count="0" type="stmt"/>
        <line num="8" count="0" type="stmt"/>
        <line num="10" count="0" type="stmt"/>
        <line num="13" count="0" type="stmt"/>
        <line num="14" count="0" type="stmt"/>
        <line num="15" count="0" type="stmt"/>
        <line num="16" count="0" type="stmt"/>
        <line num="18" count="0" type="stmt"/>
        <line num="22" count="0" type="stmt"/>
        <line num="23" count="0" type="stmt"/>
        <line num="24" count="0" type="stmt"/>
        <line num="25" count="0" type="stmt"/>
        <line num="27" count="0" type="stmt"/>
      </file>
      <file name="userRepository.js" path="D:\nodejs-pzn\src\userRepository.js">
        <metrics statements="3" coveredstatements="0" conditionals="0" coveredconditionals="0" methods="3" coveredmethods="0"/>
        <line num="4" count="0" type="stmt"/>
        <line num="8" count="0" type="stmt"/>
        <line num="12" count="0" type="stmt"/>
      </file>
      <file name="userService.js" path="D:\nodejs-pzn\src\userService.js">
        <metrics statements="6" coveredstatements="0" conditionals="2" coveredconditionals="0" methods="4" coveredmethods="0"/>
        <line num="6" count="0" type="cond" truecount="0" falsecount="2"/>
        <line num="7" count="0" type="stmt"/>
        <line num="9" count="0" type="stmt"/>
        <line num="14" count="0" type="stmt"/>
        <line num="18" count="0" type="stmt"/>
        <line num="22" count="0" type="stmt"/>
      </file>
    </package>
    <package name="src.repository">
      <metrics statements="3" coveredstatements="0" conditionals="0" coveredconditionals="0" methods="1" coveredmethods="0"/>
      <file name="baseRepository.js" path="D:\nodejs-pzn\src\repository\baseRepository.js">
        <metrics statements="3" coveredstatements="0" conditionals="0" coveredconditionals="0" methods="1" coveredmethods="0"/>
        <line num="1" count="0" type="stmt"/>
        <line num="2" count="0" type="stmt"/>
        <line num="5" count="0" type="stmt"/>
      </file>
    </package>
    <package name="src.utils">
      <metrics statements="3" coveredstatements="0" conditionals="0" coveredconditionals="0" methods="0" coveredmethods="0"/>
      <file name="prismaSchema.js" path="D:\nodejs-pzn\src\utils\prismaSchema.js">
        <metrics statements="3" coveredstatements="0" conditionals="0" coveredconditionals="0" methods="0" coveredmethods="0"/>
        <line num="2" count="0" type="stmt"/>
        <line num="3" count="0" type="stmt"/>
        <line num="5" count="0" type="stmt"/>
      </file>
    </package>
  </project>
</coverage>
